<?xml version="1.0" encoding="UTF-8"?>
<testsuite xmlns:xsi="http://www.w3.org/2001/XMLSchema-instance" xsi:noNamespaceSchemaLocation="https://maven.apache.org/surefire/maven-surefire-plugin/xsd/surefire-test-report.xsd" name="com.sap.ase.poker.smokeTests.CallSmokeTest" time="3.5" tests="4" errors="0" skipped="0" failures="0">
  <properties>
[...]
</properties>
  <testcase name="call_shouldFail_ifNoRaisePerformedBefore" classname="com.sap.ase.poker.smokeTests.CallSmokeTest" time="0.003"/>
  <testcase name="call_shouldRaiseBetOfPlayer" classname="com.sap.ase.poker.smokeTests.CallSmokeTest" time="0.004"/>
  <testcase name="call_shouldAdvanceState" classname="com.sap.ase.poker.smokeTests.CallSmokeTest" time="0.002"/>
  <testcase name="call_shouldReRaiseBetOfPlayer" classname="com.sap.ase.poker.smokeTests.CallSmokeTest" time="0.003"/>
</testsuite>